<?xml version="1.0" encoding="UTF-8" standalone="no"?><testsuite errors="1" failures="0" name="Automatizar Floristeria MundoFlor" skipped="0" tests="4" time="102.91" timestamp="2024-12-04 06:25:13"><testcase name="Agregar Producto Al Carrito"><error message="invalid argument&#10;  (Session info: chrome=131.0.6778.86)&#10;Build info: version: '4.9.0', revision: 'd7057100a6'&#10;System info: os.name: 'Windows 10', os.arch: 'amd64', os.version: '10.0', java.version: '11.0.10'&#10;Driver info: org.openqa.selenium.chrome.ChromeDriver&#10;Command: [cc5b05e385ab513900e7a196ed9a63dd, get {url=}]&#10;Capabilities {acceptInsecureCerts: false, browserName: chrome, browserVersion: 131.0.6778.86, chrome: {chromedriverVersion: 131.0.6778.87 (ce31cae94873..., userDataDir: C:\Users\user\AppData\Local...}, fedcm:accounts: true, goog:chromeOptions: {debuggerAddress: localhost:56321}, networkConnectionEnabled: false, pageLoadStrategy: normal, platformName: WINDOWS, proxy: Proxy(), se:cdp: ws://localhost:56321/devtoo..., se:cdpVersion: 131.0.6778.86, setWindowRect: true, strictFileInteractability: false, timeouts: {implicit: 0, pageLoad: 300000, script: 30000}, unhandledPromptBehavior: dismiss and notify, webauthn:extension:credBlob: true, webauthn:extension:largeBlob: true, webauthn:extension:minPinLength: true, webauthn:extension:prf: true, webauthn:virtualAuthenticators: true}&#10;Session ID: cc5b05e385ab513900e7a196ed9a63dd&#10;Build info: version: '4.9.0', revision: 'd7057100a6'&#10;System info: os.name: 'Windows 10', os.arch: 'amd64', os.version: '10.0', java.version: '11.0.10'&#10;Driver info: driver.version: unknown" type="org.openqa.selenium.InvalidArgumentException">invalid argument
  (Session info: chrome=131.0.6778.86)
Build info: version: '4.9.0', revision: 'd7057100a6'
System info: os.name: 'Windows 10', os.arch: 'amd64', os.version: '10.0', java.version: '11.0.10'
Driver info: org.openqa.selenium.chrome.ChromeDriver
Command: [cc5b05e385ab513900e7a196ed9a63dd, get {url=}]
Capabilities {acceptInsecureCerts: false, browserName: chrome, browserVersion: 131.0.6778.86, chrome: {chromedriverVersion: 131.0.6778.87 (ce31cae94873..., userDataDir: C:\Users\user\AppData\Local...}, fedcm:accounts: true, goog:chromeOptions: {debuggerAddress: localhost:56321}, networkConnectionEnabled: false, pageLoadStrategy: normal, platformName: WINDOWS, proxy: Proxy(), se:cdp: ws://localhost:56321/devtoo..., se:cdpVersion: 131.0.6778.86, setWindowRect: true, strictFileInteractability: false, timeouts: {implicit: 0, pageLoad: 300000, script: 30000}, unhandledPromptBehavior: dismiss and notify, webauthn:extension:credBlob: true, webauthn:extension:largeBlob: true, webauthn:extension:minPinLength: true, webauthn:extension:prf: true, webauthn:virtualAuthenticators: true}
Session ID: cc5b05e385ab513900e7a196ed9a63dd
Build info: version: '4.9.0', revision: 'd7057100a6'
System info: os.name: 'Windows 10', os.arch: 'amd64', os.version: '10.0', java.version: '11.0.10'
Driver info: driver.version: unknown</error><system-err>invalid argument
  (Session info: chrome=131.0.6778.86)
Build info: version: '4.9.0', revision: 'd7057100a6'
System info: os.name: 'Windows 10', os.arch: 'amd64', os.version: '10.0', java.version: '11.0.10'
Driver info: org.openqa.selenium.chrome.ChromeDriver
Command: [cc5b05e385ab513900e7a196ed9a63dd, get {url=}]
Capabilities {acceptInsecureCerts: false, browserName: chrome, browserVersion: 131.0.6778.86, chrome: {chromedriverVersion: 131.0.6778.87 (ce31cae94873..., userDataDir: C:\Users\user\AppData\Local...}, fedcm:accounts: true, goog:chromeOptions: {debuggerAddress: localhost:56321}, networkConnectionEnabled: false, pageLoadStrategy: normal, platformName: WINDOWS, proxy: Proxy(), se:cdp: ws://localhost:56321/devtoo..., se:cdpVersion: 131.0.6778.86, setWindowRect: true, strictFileInteractability: false, timeouts: {implicit: 0, pageLoad: 300000, script: 30000}, unhandledPromptBehavior: dismiss and notify, webauthn:extension:credBlob: true, webauthn:extension:largeBlob: true, webauthn:extension:minPinLength: true, webauthn:extension:prf: true, webauthn:virtualAuthenticators: true}
Session ID: cc5b05e385ab513900e7a196ed9a63dd
Build info: version: '4.9.0', revision: 'd7057100a6'
System info: os.name: 'Windows 10', os.arch: 'amd64', os.version: '10.0', java.version: '11.0.10'
Driver info: driver.version: unknown&#13;
com.co.sanangel.stepDefinitions.AgregarProductoStepDefinitions.queMeEncuentroEnLaPagina(AgregarProductoStepDefinitions.java:33)&#13;
✽.Que me encuentro en la pagina ''(file:///D:/Documentos/Estudios%20CS/Formacion%20Personal/QA/ScreenPlay/TempleteScreenplay/src/test/resources/features/agregarProducto.feature:9)&#13;
</system-err></testcase></testsuite>